[16:52:49] [Client thread/INFO]: Setting user: Player192
[16:52:55] [Client thread/INFO]: LWJGL Version: 2.9.1
[16:53:05] [Client thread/INFO]: Reloading ResourceManager: Default, FMLFileResourcePack:Forge Mod Loader, FMLFileResourcePack:Minecraft Forge, FMLFileResourcePack:Tutorial Mod
[16:53:14] [Sound Library Loader/INFO]: Starting up SoundSystem...
[16:53:14] [Thread-7/INFO]: Initializing LWJGL OpenAL
[16:53:14] [Thread-7/INFO]: (The LWJGL binding of OpenAL.  For more information, see http://www.lwjgl.org)
[16:53:16] [Thread-7/INFO]: OpenAL initialized.
[16:53:16] [Sound Library Loader/INFO]: Sound engine started
[16:53:36] [Client thread/INFO]: Created: 512x512 textures-atlas
[16:53:39] [Client thread/INFO]: Reloading ResourceManager: Default, FMLFileResourcePack:Forge Mod Loader, FMLFileResourcePack:Minecraft Forge, FMLFileResourcePack:Tutorial Mod
[16:53:39] [Client thread/INFO]: SoundSystem shutting down...
[16:53:39] [Client thread/WARN]: Author: Paul Lamb, www.paulscode.com
[16:53:39] [Sound Library Loader/INFO]: Starting up SoundSystem...
[16:53:39] [Thread-9/INFO]: Initializing LWJGL OpenAL
[16:53:39] [Thread-9/INFO]: (The LWJGL binding of OpenAL.  For more information, see http://www.lwjgl.org)
[16:53:39] [Thread-9/INFO]: OpenAL initialized.
[16:53:39] [Sound Library Loader/INFO]: Sound engine started
[16:53:43] [Client thread/INFO]: Created: 512x512 textures-atlas
[16:54:12] [Server thread/INFO]: Starting integrated minecraft server version 1.8
[16:54:12] [Server thread/INFO]: Generating keypair
[16:54:13] [Server thread/INFO]: Preparing start region for level 0
[16:54:14] [Server thread/INFO]: Preparing spawn area: 8%
[16:54:15] [Server thread/INFO]: Preparing spawn area: 46%
[16:54:16] [Server thread/INFO]: Changing view distance to 12, from 10
[16:54:17] [Server thread/INFO]: Player192[local:E:7d4d5ddc] logged in with entity id 199 at (41.151044927176834, 68.0, -7.154822563996682)
[16:54:18] [Server thread/INFO]: Player192 joined the game
[16:54:23] [Server thread/WARN]: Can't keep up! Did the system time change, or is the server overloaded? Running 4460ms behind, skipping 89 tick(s)
[16:54:47] [Server thread/INFO]: Saving and pausing game...
[16:54:47] [Server thread/INFO]: Saving chunks for level 'New World'/Overworld
[16:54:48] [Server thread/INFO]: Saving chunks for level 'New World'/Nether
[16:54:48] [Server thread/INFO]: Saving chunks for level 'New World'/The End
[16:54:58] [Server thread/INFO]: Stopping server
[16:54:58] [Server thread/INFO]: Saving players
[16:54:58] [Server thread/INFO]: Saving worlds
[16:54:58] [Server thread/INFO]: Saving chunks for level 'New World'/Overworld
[16:54:58] [Server thread/INFO]: Saving chunks for level 'New World'/Nether
[16:54:58] [Server thread/INFO]: Saving chunks for level 'New World'/The End
[16:55:06] [Client thread/INFO]: Stopping!
[16:55:06] [Client thread/INFO]: SoundSystem shutting down...
[16:55:07] [Client thread/WARN]: Author: Paul Lamb, www.paulscode.com
